proguard-project.txt
# To enable ProGuard in your project, edit project.properties
# to define the proguard.config property as described in that file.
#
# Add project specific ProGuard rules here.
# By default, the flags in this file are appended to flags specified
# in ${sdk.dir}/tools/proguard/proguard-android.txt
# You can edit the include path and order by changing the ProGuard
# include property in project.properties.
#
# For more details, see
#   http://developer.android.com/guide/developing/tools/proguard.html

# Add any project specific keep options here:

# If your project uses WebView with JS, uncomment the following
# and specify the fully qualified class name to the JavaScript interface
# class:
#-keepclassmembers class fqcn.of.javascript.interface.for.webview {
#   public *;
#}

#roboguice
-libraryjars   libs/roboguice-2.0.jar
-dontwarn roboguice.**


#litepal
-libraryjars libs/litepal-1.2.0.jar
-dontwarn org.litepal.*
-keep class org.litepal.** { *; }
-keep enum org.litepal.**
-keep interface org.litepal.** { *; }
-keep public class * extends org.litepal.**
-keepattributes *Annotation*
-keepclassmembers class * extends org.litepal.crud.DataSupport{
    *;
}

#eventbus
-keepclassmembers class ** {
    public void onEvent*(**);
    void onEvent*(**);
}


#Gson
-keep class com.google.**{*;}
##---------------Begin: proguard configuration for Gson  ----------
# Gson uses generic type information stored in a class file when working with fields. Proguard
# removes such information by default, so configure it to keep all of it.
-keepattributes Signature
# Gson specific classes
-keep class sun.misc.Unsafe { *; }
#-keep class com.google.gson.stream.** { *; }
# Application classes that will be serialized/deserialized over Gson
-keep class com.asiainfo.mealorder.entity.** { *; }  ##������Ҫ�ĳɽ������ĸ�  javabean
##---------------End: proguard configuration for Gson  ----------


#极光
-dontoptimize
-dontpreverify

-dontwarn cn.jpush.**
-keep class cn.jpush.** { *; }

#volley
-keep class com.android.volley.**  {* ;}
-keep class org.apache.http.**  {* ;}
-keepattributes Signature,RuntimeVisibleAnnotations,AnnotationDefault,*Annotation*

#不混淆资源类
-keepclassmembers class **.R$* {
    public static <fields>;
}

#保持枚举类不被混淆
-keepclassmembers enum * {
    public static **[] values();
    public static ** valueOf(java.lang.String);
}

#保持 Serializable 不被混淆
-keepnames class * implements java.io.Serializable
-keepclassmembers class * implements java.io.Serializable {
    static final long serialVersionUID;
    private static final java.io.ObjectStreamField[] serialPersistentFields;
    private void writeObject(java.io.ObjectOutputStream);
    private void readObject(java.io.ObjectInputStream);
    java.lang.Object writeReplace();
    java.lang.Object readResolve();
}
#保持 Parcelable 不被混淆
-keep class * implements android.os.Parcelable {
  public static final android.os.Parcelable$Creator *;
}
#保持自定义控件类不被混淆
-keepclassmembers class * extends android.app.Activity {
   public void *(android.view.View);
}
#如果引用了v4或者v7包
-dontwarn android.support.**
#我是以libaray的形式引用了一个图片加载框架,如果不想混淆 keep 掉
#-keep class com.nostra13.universalimageloader.** { *; }