proguard/seeds.txt
com.asiainfo.mealorder.AppApplication
com.asiainfo.mealorder.AppApplication: AppApplication()
com.asiainfo.mealorder.LaunchActivity
com.asiainfo.mealorder.LaunchActivity: LaunchActivity()
com.asiainfo.mealorder.R$anim: int anim_operation_area_appear
com.asiainfo.mealorder.R$anim: int anim_operation_area_disappear
com.asiainfo.mealorder.R$anim: int arrow_to_left_btn_bg
com.asiainfo.mealorder.R$anim: int arrow_to_right_btn_bg
com.asiainfo.mealorder.R$anim: int choose_desk_exit_btn_bg
com.asiainfo.mealorder.R$anim: int choose_end_btn_bg
com.asiainfo.mealorder.R$anim: int confirm_order_bottom_space_bg
com.asiainfo.mealorder.R$anim: int confirm_order_remark_bg
com.asiainfo.mealorder.R$anim: int confirm_order_time_rdo_bg
com.asiainfo.mealorder.R$anim: int confirm_order_time_text_selector
com.asiainfo.mealorder.R$anim: int desk_loc_item_bg
com.asiainfo.mealorder.R$anim: int desk_loc_item_text_selector
com.asiainfo.mealorder.R$anim: int dish_change_count_btn_bg
com.asiainfo.mealorder.R$anim: int dish_compitem_select_chk_bg
com.asiainfo.mealorder.R$anim: int dish_confirm_order_del_btn_bg
com.asiainfo.mealorder.R$anim: int dish_confirm_order_detail_btn_bg
com.asiainfo.mealorder.R$anim: int dish_confirm_order_minus_btn_bg
com.asiainfo.mealorder.R$anim: int dish_confirm_order_remark_btn_bg
com.asiainfo.mealorder.R$anim: int dish_count_add_btn_bg
com.asiainfo.mealorder.R$anim: int dish_count_minus_btn_bg
com.asiainfo.mealorder.R$anim: int diy_toast_shadow
com.asiainfo.mealorder.R$anim: int indicator_bg_bottom
com.asiainfo.mealorder.R$anim: int login_btn_bg
com.asiainfo.mealorder.R$anim: int login_userinfo_bg
com.asiainfo.mealorder.R$anim: int login_v_bg
com.asiainfo.mealorder.R$attr: int horizontalSpacing
com.asiainfo.mealorder.R$attr: int ptrAdapterViewBackground
com.asiainfo.mealorder.R$attr: int ptrAnimationStyle
com.asiainfo.mealorder.R$attr: int ptrDrawable
com.asiainfo.mealorder.R$attr: int ptrDrawableBottom
com.asiainfo.mealorder.R$attr: int ptrDrawableEnd
com.asiainfo.mealorder.R$attr: int ptrDrawableStart
com.asiainfo.mealorder.R$attr: int ptrDrawableTop
com.asiainfo.mealorder.R$attr: int ptrHeaderBackground
com.asiainfo.mealorder.R$attr: int ptrHeaderSubTextColor
com.asiainfo.mealorder.R$attr: int ptrHeaderTextAppearance
com.asiainfo.mealorder.R$attr: int ptrHeaderTextColor
com.asiainfo.mealorder.R$attr: int ptrListViewExtrasEnabled
com.asiainfo.mealorder.R$attr: int ptrMode
com.asiainfo.mealorder.R$attr: int ptrOverScroll
com.asiainfo.mealorder.R$attr: int ptrRefreshableViewBackground
com.asiainfo.mealorder.R$attr: int ptrRotateDrawableWhilePulling
com.asiainfo.mealorder.R$attr: int ptrScrollingWhileRefreshingEnabled
com.asiainfo.mealorder.R$attr: int ptrShowIndicator
com.asiainfo.mealorder.R$attr: int ptrSubHeaderTextAppearance
com.asiainfo.mealorder.R$attr: int verticalSpacing
com.asiainfo.mealorder.R$color: int bg_choose_desk_header
com.asiainfo.mealorder.R$color: int cl_bottom_layout_bg
com.asiainfo.mealorder.R$color: int cl_text_grey
com.asiainfo.mealorder.R$color: int cl_text_grey_2
com.asiainfo.mealorder.R$color: int dark_red
com.asiainfo.mealorder.R$color: int desk_loc_bg
com.asiainfo.mealorder.R$color: int statusbar_bg
com.asiainfo.mealorder.R$color: int translucent_background
com.asiainfo.mealorder.R$color: int txt_cl_login
com.asiainfo.mealorder.R$color: int white
...
com.google.gson.stream.JsonToken
com.google.gson.stream.JsonToken: com.google.gson.stream.JsonToken BEGIN_ARRAY
com.google.gson.stream.JsonToken: com.google.gson.stream.JsonToken END_ARRAY
com.google.gson.stream.JsonToken: com.google.gson.stream.JsonToken BEGIN_OBJECT
com.google.gson.stream.JsonToken: com.google.gson.stream.JsonToken END_OBJECT
com.google.gson.stream.JsonToken: com.google.gson.stream.JsonToken NAME
com.google.gson.stream.JsonToken: com.google.gson.stream.JsonToken STRING
com.google.gson.stream.JsonToken: com.google.gson.stream.JsonToken NUMBER
com.google.gson.stream.JsonToken: com.google.gson.stream.JsonToken BOOLEAN
com.google.gson.stream.JsonToken: com.google.gson.stream.JsonToken NULL
com.google.gson.stream.JsonToken: com.google.gson.stream.JsonToken END_DOCUMENT
com.google.gson.stream.JsonToken: com.google.gson.stream.JsonToken[] $VALUES
com.google.gson.stream.JsonToken: com.google.gson.stream.JsonToken[] values()
com.google.gson.stream.JsonToken: com.google.gson.stream.JsonToken valueOf(java.lang.String)
com.google.gson.stream.JsonToken: JsonToken(java.lang.String,int)
com.google.gson.stream.JsonToken: void <clinit>()
com.google.gson.stream.JsonWriter
com.google.gson.stream.JsonWriter: java.lang.String[] REPLACEMENT_CHARS
com.google.gson.stream.JsonWriter: java.lang.String[] HTML_SAFE_REPLACEMENT_CHARS
com.google.gson.stream.JsonWriter: java.io.Writer out
com.google.gson.stream.JsonWriter: java.util.List stack
com.google.gson.stream.JsonWriter: java.lang.String indent
com.google.gson.stream.JsonWriter: java.lang.String separator
com.google.gson.stream.JsonWriter: boolean lenient
com.google.gson.stream.JsonWriter: boolean htmlSafe
com.google.gson.stream.JsonWriter: java.lang.String deferredName
com.google.gson.stream.JsonWriter: boolean serializeNulls
com.google.gson.stream.JsonWriter: JsonWriter(java.io.Writer)
com.google.gson.stream.JsonWriter: void setIndent(java.lang.String)
com.google.gson.stream.JsonWriter: void setLenient(boolean)
com.google.gson.stream.JsonWriter: boolean isLenient()
com.google.gson.stream.JsonWriter: void setHtmlSafe(boolean)
com.google.gson.stream.JsonWriter: boolean isHtmlSafe()
com.google.gson.stream.JsonWriter: void setSerializeNulls(boolean)
com.google.gson.stream.JsonWriter: boolean getSerializeNulls()
com.google.gson.stream.JsonWriter: com.google.gson.stream.JsonWriter beginArray()
com.google.gson.stream.JsonWriter: com.google.gson.stream.JsonWriter endArray()
com.google.gson.stream.JsonWriter: com.google.gson.stream.JsonWriter beginObject()
com.google.gson.stream.JsonWriter: com.google.gson.stream.JsonWriter endObject()
com.google.gson.stream.JsonWriter$1
com.google.gson.stream.JsonWriter$1: int[] $SwitchMap$com$google$gson$stream$JsonScope
com.google.gson.stream.JsonWriter$1: void <clinit>()
com.google.gson.stream.MalformedJsonException
com.google.gson.stream.MalformedJsonException: long serialVersionUID
com.google.gson.stream.MalformedJsonException: MalformedJsonException(java.lang.String)
com.google.gson.stream.MalformedJsonException: MalformedJsonException(java.lang.String,java.lang.Throwable)
com.google.gson.stream.MalformedJsonException: MalformedJsonException(java.lang.Throwable)
com.google.gson.stream.StringPool
com.google.gson.stream.StringPool: java.lang.String[] pool
com.google.gson.stream.StringPool: StringPool()
com.google.gson.stream.StringPool: java.lang.String get(char[],int,int)