proguard/mapping.txt
com.asiainfo.mealorder.AppApplication -> com.asiainfo.mealorder.AppApplication:
    android.database.sqlite.SQLiteDatabase mSQLiteDatabase -> a
    void onCreate() -> onCreate
    void initImageLoader(android.content.Context) -> a
com.asiainfo.mealorder.LaunchActivity -> com.asiainfo.mealorder.LaunchActivity:
    void onCreate(android.os.Bundle) -> onCreate
com.asiainfo.mealorder.R -> com.asiainfo.mealorder.a:
com.asiainfo.mealorder.R$styleable -> com.asiainfo.mealorder.b:
    int[] FlowLayout -> FlowLayout
    int FlowLayout_horizontalSpacing -> FlowLayout_horizontalSpacing
    int FlowLayout_verticalSpacing -> FlowLayout_verticalSpacing
    int[] PullToRefresh -> PullToRefresh
    int PullToRefresh_ptrAdapterViewBackground -> PullToRefresh_ptrAdapterViewBackground
    int PullToRefresh_ptrAnimationStyle -> PullToRefresh_ptrAnimationStyle
    int PullToRefresh_ptrDrawable -> PullToRefresh_ptrDrawable
    int PullToRefresh_ptrDrawableBottom -> PullToRefresh_ptrDrawableBottom
    int PullToRefresh_ptrDrawableEnd -> PullToRefresh_ptrDrawableEnd
    int PullToRefresh_ptrDrawableStart -> PullToRefresh_ptrDrawableStart
    int PullToRefresh_ptrDrawableTop -> PullToRefresh_ptrDrawableTop
    int PullToRefresh_ptrHeaderBackground -> PullToRefresh_ptrHeaderBackground
    int PullToRefresh_ptrHeaderSubTextColor -> PullToRefresh_ptrHeaderSubTextColor
    int PullToRefresh_ptrHeaderTextAppearance -> PullToRefresh_ptrHeaderTextAppearance
    int PullToRefresh_ptrHeaderTextColor -> PullToRefresh_ptrHeaderTextColor
    int PullToRefresh_ptrListViewExtrasEnabled -> PullToRefresh_ptrListViewExtrasEnabled
    int PullToRefresh_ptrMode -> PullToRefresh_ptrMode
    int PullToRefresh_ptrOverScroll -> PullToRefresh_ptrOverScroll
    int PullToRefresh_ptrRefreshableViewBackground -> PullToRefresh_ptrRefreshableViewBackground
com.asiainfo.mealorder.adapter.ChooseDeskAdapter -> com.asiainfo.mealorder.a.a:
    java.lang.String TAG -> a
    android.content.Context mContext -> b
    java.util.List mDataList -> c
    int selectedPos -> d
    com.asiainfo.mealorder.listener.OnItemClickListener mOnItemClickListener -> e
    com.asiainfo.mealorder.utils.Tools mTools -> f
    java.lang.Object mLock -> g
    android.view.View$OnTouchListener mOnTouchListener -> h
    android.view.View getView(int,android.view.View,android.view.ViewGroup) -> getView
    void setSelectedPos(int) -> a
    void onRefresh(java.util.List) -> a
    int getCount() -> getCount
    java.lang.Object getItem(int) -> getItem
    long getItemId(int) -> getItemId
    void clear() -> a
    java.lang.String access$0() -> b
    com.asiainfo.mealorder.listener.OnItemClickListener access$1(com.asiainfo.mealorder.adapter.ChooseDeskAdapter) -> a
com.asiainfo.mealorder.adapter.ChooseDeskAdapter$1 -> com.asiainfo.mealorder.a.b:
    com.asiainfo.mealorder.adapter.ChooseDeskAdapter this$0 -> a
    boolean onTouch(android.view.View,android.view.MotionEvent) -> onTouch
com.asiainfo.mealorder.adapter.ChooseDeskAdapter$2 -> com.asiainfo.mealorder.a.c:
    com.asiainfo.mealorder.adapter.ChooseDeskAdapter this$0 -> a
    int val$position -> b
    void onClick(android.view.View) -> onClick
com.asiainfo.mealorder.adapter.ChooseDeskAdapter$ViewHolder -> com.asiainfo.mealorder.a.d:
    android.widget.TextView tv_desk -> a
...
com.android.volley.toolbox.HurlStack$UrlRewriter -> com.a.a.a.l:
    java.lang.String rewriteUrl(java.lang.String) -> a
com.android.volley.toolbox.JsonObjectRequest -> com.a.a.a.m:
    com.android.volley.Response parseNetworkResponse(com.android.volley.NetworkResponse) -> a
com.android.volley.toolbox.JsonRequest -> com.a.a.a.n:
    java.lang.String PROTOCOL_CONTENT_TYPE -> a
    com.android.volley.Response$Listener mListener -> b
    java.lang.String mRequestBody -> c
    void deliverResponse(java.lang.Object) -> b
    java.lang.String getPostBodyContentType() -> l
    byte[] getPostBody() -> m
    java.lang.String getBodyContentType() -> p
    byte[] getBody() -> q
com.android.volley.toolbox.PoolingByteArrayOutputStream -> com.a.a.a.o:
    com.android.volley.toolbox.ByteArrayPool mPool -> a
    void close() -> close
    void finalize() -> finalize
    void expand(int) -> a
    void write(byte[],int,int) -> write
    void write(int) -> write
com.android.volley.toolbox.Volley -> com.a.a.a.p:
    com.android.volley.RequestQueue newRequestQueue(android.content.Context,com.android.volley.toolbox.HttpStack) -> a
    com.android.volley.RequestQueue newRequestQueue(android.content.Context) -> a
com.google.gson.DefaultDateTypeAdapter -> com.google.gson.DefaultDateTypeAdapter:
    java.text.DateFormat enUsFormat -> enUsFormat
    java.text.DateFormat localFormat -> localFormat
    java.text.DateFormat iso8601Format -> iso8601Format
    com.google.gson.JsonElement serialize(java.util.Date,java.lang.reflect.Type,com.google.gson.JsonSerializationContext) -> serialize
    java.util.Date deserialize(com.google.gson.JsonElement,java.lang.reflect.Type,com.google.gson.JsonDeserializationContext) -> deserialize
    java.util.Date deserializeToDate(com.google.gson.JsonElement) -> deserializeToDate
    java.lang.String toString() -> toString
    com.google.gson.JsonElement serialize(java.lang.Object,java.lang.reflect.Type,com.google.gson.JsonSerializationContext) -> serialize
    java.lang.Object deserialize(com.google.gson.JsonElement,java.lang.reflect.Type,com.google.gson.JsonDeserializationContext) -> deserialize
com.google.gson.ExclusionStrategy -> com.google.gson.ExclusionStrategy:
    boolean shouldSkipField(com.google.gson.FieldAttributes) -> shouldSkipField
    boolean shouldSkipClass(java.lang.Class) -> shouldSkipClass
com.google.gson.FieldAttributes -> com.google.gson.FieldAttributes:
    java.lang.reflect.Field field -> field
    java.lang.Class getDeclaringClass() -> getDeclaringClass
    java.lang.String getName() -> getName
    java.lang.reflect.Type getDeclaredType() -> getDeclaredType
    java.lang.Class getDeclaredClass() -> getDeclaredClass
    java.lang.annotation.Annotation getAnnotation(java.lang.Class) -> getAnnotation
    java.util.Collection getAnnotations() -> getAnnotations
    boolean hasModifier(int) -> hasModifier
    java.lang.Object get(java.lang.Object) -> get
    boolean isSynthetic() -> isSynthetic