proguard/usage.txt
com.asiainfo.mealorder.BuildConfig
com.asiainfo.mealorder.Manifest
com.asiainfo.mealorder.Manifest$permission
com.asiainfo.mealorder.R:
    10:10:public R()
com.asiainfo.mealorder.R$anim
com.asiainfo.mealorder.R$attr
com.asiainfo.mealorder.R$color
com.asiainfo.mealorder.R$dimen
com.asiainfo.mealorder.R$drawable
com.asiainfo.mealorder.R$id
com.asiainfo.mealorder.R$layout
com.asiainfo.mealorder.R$menu
com.asiainfo.mealorder.R$string
com.asiainfo.mealorder.R$style
com.asiainfo.mealorder.R$styleable:
    570:570:public R$styleable()
com.asiainfo.mealorder.adapter.ConfirmOrderDishAdapter:
    586:606:public void setSelectedPos(int)
com.asiainfo.mealorder.adapter.DishCompItemAdapter:
    private com.asiainfo.mealorder.listener.OnDishesCompCheckedChangedListener mOnDishesCompCheckedChangedListener
    144:145:public void setOnDishesCompCheckedChangedListener(com.asiainfo.mealorder.listener.OnDishesCompCheckedChangedListener)
    572:572:public java.util.Map getDishesCompItemCheckedStateMap()
com.asiainfo.mealorder.adapter.DishPropertyValuesAdapter:
    132:134:public void setSelectedPos(int)
com.asiainfo.mealorder.adapter.DishTypeAdapter:
    144:158:public void setDishesTypeItemByItem(java.lang.Object)
    165:180:public void setDishesTypeItemByItemKeyCode(java.lang.String)
com.asiainfo.mealorder.adapter.SelectCommonDishesAdapter:
    private com.asiainfo.mealorder.listener.OnDishesToBasketAnimListener mOnDishesToBasketAnimListener
    private static final int VIEW_TYPE_NORMAL_DISHES
    private static final int VIEW_TYPE_DISHES_COMP
    87:88:public void setOnDishesToBasketAnimListener(com.asiainfo.mealorder.listener.OnDishesToBasketAnimListener)
    464:480:public void setSelectedPos(int)
    507:509:public void setSelectedPosFreshAll(int)
com.asiainfo.mealorder.adapter.SelectCommonDishesAdapter$ViewHolder:
    android.widget.TextView tv_footerView
com.asiainfo.mealorder.adapter.SelectDishCompAdapter
com.asiainfo.mealorder.adapter.SelectDishCompAdapter$1
com.asiainfo.mealorder.adapter.SelectDishCompAdapter$2
com.asiainfo.mealorder.adapter.SelectDishCompAdapter$ViewHolder
com.asiainfo.mealorder.adapter.ViewHolder
com.asiainfo.mealorder.adapter.ViewOrderDishesAdapter:
    231:233:public void setSelectedPos(int)
com.asiainfo.mealorder.config.ActionConstants
com.asiainfo.mealorder.config.Constants
com.asiainfo.mealorder.config.LoginUserPrefData:
    private static final java.lang.String LOGIN_USER_INFO_PREF_NAME
    private static final java.lang.String LOGIN_STAFF_ID
    private static final java.lang.String LOGIN£ßSTAFF_NAME
    private static final java.lang.String LOGIN_USER_NAME
    private static final java.lang.String LOGIN_MERCHANT_ID
    private static final java.lang.String LOGIN_CHILD_MERCHANT_ID
    private static final java.lang.String LOGIN_MERCHANT_NAME
    private static final java.lang.String strDef
    private static final int intDef
    65:69:private void saveRawDataInt(java.lang.String,int)
    89:92:private int getRawDataInt(java.lang.String)
    139:139:public java.lang.String getUserName()
    187:187:public java.lang.String getMerchantName()
com.asiainfo.mealorder.config.SystemPrefData:
    private static final java.lang.String SYSTEM_DATA_PREF_NAME
    private static final java.lang.String strDef
    private static final int intDef
    private static final java.lang.String LAST_LOGIN_SUCCESS_TIME
    private static final java.lang.String THIS_LOGIN_SUCCESS_TIME
    private static final java.lang.String LAST_MERCHANT_DISHES_TYPE_SYNCH_TIME
    private static final java.lang.String LAST_MERCHANT_DISHES_DATA_SYNCH_TIME
    private static final java.lang.String LAST_MERCHANT_DESK_DATA_SYNCH_DATE
    53:57:private void saveRawDataInt(java.lang.String,int)
    77:80:private int getRawDataInt(java.lang.String)
    165:165:public java.lang.String getLastMerchantDeskDataAsychDate()
com.asiainfo.mealorder.http.ErrorMsgListener
...
android.support.v4.view.ViewParentCompat$ViewParentCompatICSImpl
android.support.v4.view.ViewParentCompat$ViewParentCompatImpl
android.support.v4.view.ViewParentCompat$ViewParentCompatStubImpl
android.support.v4.view.ViewParentCompatICS
android.support.v4.view.ViewPropertyAnimatorCompat:
    private static final java.lang.String TAG
    static final int LISTENER_TAG_ID
    657:660:public android.support.v4.view.ViewPropertyAnimatorCompat alphaBy(float)
    726:729:public android.support.v4.view.ViewPropertyAnimatorCompat withEndAction(java.lang.Runnable)
    744:747:public long getDuration()
    763:766:public android.support.v4.view.ViewPropertyAnimatorCompat setInterpolator(android.view.animation.Interpolator)
    778:781:public android.view.animation.Interpolator getInterpolator()
    797:800:public android.support.v4.view.ViewPropertyAnimatorCompat setStartDelay(long)
    815:818:public long getStartDelay()
    833:836:public android.support.v4.view.ViewPropertyAnimatorCompat rotation(float)
    850:853:public android.support.v4.view.ViewPropertyAnimatorCompat rotationBy(float)
    867:870:public android.support.v4.view.ViewPropertyAnimatorCompat rotationX(float)
    884:887:public android.support.v4.view.ViewPropertyAnimatorCompat rotationXBy(float)
    901:904:public android.support.v4.view.ViewPropertyAnimatorCompat rotationY(float)
    918:921:public android.support.v4.view.ViewPropertyAnimatorCompat rotationYBy(float)
    935:938:public android.support.v4.view.ViewPropertyAnimatorCompat scaleX(float)
    952:955:public android.support.v4.view.ViewPropertyAnimatorCompat scaleXBy(float)
    969:972:public android.support.v4.view.ViewPropertyAnimatorCompat scaleY(float)
android.support.v4.view.ViewPropertyAnimatorCompat$BaseViewPropertyAnimatorCompatImpl:
    105:107:public void withEndAction(android.support.v4.view.ViewPropertyAnimatorCompat,android.view.View,java.lang.Runnable)
    111:111:public long getDuration(android.support.v4.view.ViewPropertyAnimatorCompat,android.view.View)
    117:117:public void setInterpolator(android.support.v4.view.ViewPropertyAnimatorCompat,android.view.View,android.view.animation.Interpolator)
    121:121:public android.view.animation.Interpolator getInterpolator(android.support.v4.view.ViewPropertyAnimatorCompat,android.view.View)
    127:127:public void setStartDelay(android.support.v4.view.ViewPropertyAnimatorCompat,android.view.View,long)
    131:131:public long getStartDelay(android.support.v4.view.ViewPropertyAnimatorCompat,android.view.View)
    137:138:public void alphaBy(android.support.v4.view.ViewPropertyAnimatorCompat,android.view.View,float)
    143:144:public void rotation(android.support.v4.view.ViewPropertyAnimatorCompat,android.view.View,float)
    149:150:public void rotationBy(android.support.v4.view.ViewPropertyAnimatorCompat,android.view.View,float)
    155:156:public void rotationX(android.support.v4.view.ViewPropertyAnimatorCompat,android.view.View,float)
    161:162:public void rotationXBy(android.support.v4.view.ViewPropertyAnimatorCompat,android.view.View,float)
    167:168:public void rotationY(android.support.v4.view.ViewPropertyAnimatorCompat,android.view.View,float)